# JRE version: OpenJDK Runtime Environment Temurin-17.0.5+8 (17.0.5+8) (build 17.0.5+8)
# Java VM: OpenJDK 64-Bit Server VM Temurin-17.0.5+8 (17.0.5+8, mixed mode, tiered, compressed oops, compressed class ptrs, parallel gc, windows-amd64)
GC Precious Log:
 CPUs: 12 total, 12 available
 Memory: 15990M
 Large Page Support: Disabled
 NUMA Support: Disabled
 Compressed Oops: Enabled (32-bit)
 Alignments: Space 512K, Generation 512K, Heap 2M
 Heap Min Capacity: 100M
 Heap Initial Capacity: 100M
 Heap Max Capacity: 1G
 Pre-touch: Disabled
 Parallel Workers: 10
Heap:
 PSYoungGen      total 25088K, used 12133K [0x00000000eab00000, 0x00000000ec680000, 0x0000000100000000)
  eden space 22016K, 41% used [0x00000000eab00000,0x00000000eb3f1468,0x00000000ec080000)
  from space 3072K, 96% used [0x00000000ec200000,0x00000000ec4e8000,0x00000000ec500000)
  to   space 1536K, 0% used [0x00000000ec500000,0x00000000ec500000,0x00000000ec680000)
 ParOldGen       total 68608K, used 20140K [0x00000000c0000000, 0x00000000c4300000, 0x00000000eab00000)
  object space 68608K, 29% used [0x00000000c0000000,0x00000000c13ab1d0,0x00000000c4300000)
 Metaspace       used 36375K, committed 37120K, reserved 1089536K
  class space    used 3725K, committed 4096K, reserved 1048576K
GC Heap History (20 events):
Event: 4.349 GC heap before
{Heap before GC invocations=6 (full 1):
 PSYoungGen      total 29696K, used 25600K [0x00000000eab00000, 0x00000000ecc00000, 0x0000000100000000)
  eden space 25600K, 100% used [0x00000000eab00000,0x00000000ec400000,0x00000000ec400000)
  from space 4096K, 0% used [0x00000000ec800000,0x00000000ec800000,0x00000000ecc00000)
  to   space 4096K, 0% used [0x00000000ec400000,0x00000000ec400000,0x00000000ec800000)
 ParOldGen       total 68608K, used 7452K [0x00000000c0000000, 0x00000000c4300000, 0x00000000eab00000)
  object space 68608K, 10% used [0x00000000c0000000,0x00000000c0747388,0x00000000c4300000)
 Metaspace       used 24763K, committed 25216K, reserved 1073152K
  class space    used 2427K, committed 2624K, reserved 1048576K
}
Event: 4.349 GC heap after
{Heap after GC invocations=6 (full 1):
 PSYoungGen      total 25600K, used 352K [0x00000000eab00000, 0x00000000ec880000, 0x0000000100000000)
  eden space 25088K, 0% used [0x00000000eab00000,0x00000000eab00000,0x00000000ec380000)
  from space 512K, 68% used [0x00000000ec400000,0x00000000ec458000,0x00000000ec480000)
  to   space 2048K, 0% used [0x00000000ec680000,0x00000000ec680000,0x00000000ec880000)
 ParOldGen       total 68608K, used 7460K [0x00000000c0000000, 0x00000000c4300000, 0x00000000eab00000)
  object space 68608K, 10% used [0x00000000c0000000,0x00000000c0749388,0x00000000c4300000)
 Metaspace       used 24763K, committed 25216K, reserved 1073152K
  class space    used 2427K, committed 2624K, reserved 1048576K
}
Event: 5.093 GC heap before
{Heap before GC invocations=7 (full 1):
 PSYoungGen      total 25600K, used 25440K [0x00000000eab00000, 0x00000000ec880000, 0x0000000100000000)
  eden space 25088K, 100% used [0x00000000eab00000,0x00000000ec380000,0x00000000ec380000)
  from space 512K, 68% used [0x00000000ec400000,0x00000000ec458000,0x00000000ec480000)
  to   space 2048K, 0% used [0x00000000ec680000,0x00000000ec680000,0x00000000ec880000)
 ParOldGen       total 68608K, used 7460K [0x00000000c0000000, 0x00000000c4300000, 0x00000000eab00000)
  object space 68608K, 10% used [0x00000000c0000000,0x00000000c0749388,0x00000000c4300000)
 Metaspace       used 27846K, committed 28288K, reserved 1081344K
  class space    used 2707K, committed 2880K, reserved 1048576K
}
Event: 5.094 GC heap after
{Heap after GC invocations=7 (full 1):
 PSYoungGen      total 26112K, used 1394K [0x00000000eab00000, 0x00000000ec800000, 0x0000000100000000)
  eden space 24576K, 0% used [0x00000000eab00000,0x00000000eab00000,0x00000000ec300000)
  from space 1536K, 90% used [0x00000000ec680000,0x00000000ec7dcaf8,0x00000000ec800000)
  to   space 2048K, 0% used [0x00000000ec400000,0x00000000ec400000,0x00000000ec600000)
 ParOldGen       total 68608K, used 7468K [0x00000000c0000000, 0x00000000c4300000, 0x00000000eab00000)
  object space 68608K, 10% used [0x00000000c0000000,0x00000000c074b388,0x00000000c4300000)
 Metaspace       used 27846K, committed 28288K, reserved 1081344K
  class space    used 2707K, committed 2880K, reserved 1048576K
}
Event: 5.480 GC heap before
{Heap before GC invocations=8 (full 1):
 PSYoungGen      total 26112K, used 25970K [0x00000000eab00000, 0x00000000ec800000, 0x0000000100000000)
  eden space 24576K, 100% used [0x00000000eab00000,0x00000000ec300000,0x00000000ec300000)
  from space 1536K, 90% used [0x00000000ec680000,0x00000000ec7dcaf8,0x00000000ec800000)
  to   space 2048K, 0% used [0x00000000ec400000,0x00000000ec400000,0x00000000ec600000)
 ParOldGen       total 68608K, used 7468K [0x00000000c0000000, 0x00000000c4300000, 0x00000000eab00000)
  object space 68608K, 10% used [0x00000000c0000000,0x00000000c074b388,0x00000000c4300000)
 Metaspace       used 32041K, committed 32704K, reserved 1081344K
  class space    used 3238K, committed 3520K, reserved 1048576K
}
Event: 5.481 GC heap after
{Heap after GC invocations=8 (full 1):
 PSYoungGen      total 26112K, used 2026K [0x00000000eab00000, 0x00000000ec880000, 0x0000000100000000)
  eden space 24064K, 0% used [0x00000000eab00000,0x00000000eab00000,0x00000000ec280000)
  from space 2048K, 98% used [0x00000000ec400000,0x00000000ec5fa810,0x00000000ec600000)
  to   space 2560K, 0% used [0x00000000ec600000,0x00000000ec600000,0x00000000ec880000)
 ParOldGen       total 68608K, used 8074K [0x00000000c0000000, 0x00000000c4300000, 0x00000000eab00000)
  object space 68608K, 11% used [0x00000000c0000000,0x00000000c07e2958,0x00000000c4300000)
 Metaspace       used 32041K, committed 32704K, reserved 1081344K
  class space    used 3238K, committed 3520K, reserved 1048576K
}
Event: 5.983 GC heap before
{Heap before GC invocations=9 (full 1):
 PSYoungGen      total 26112K, used 26090K [0x00000000eab00000, 0x00000000ec880000, 0x0000000100000000)
  eden space 24064K, 100% used [0x00000000eab00000,0x00000000ec280000,0x00000000ec280000)
  from space 2048K, 98% used [0x00000000ec400000,0x00000000ec5fa810,0x00000000ec600000)
  to   space 2560K, 0% used [0x00000000ec600000,0x00000000ec600000,0x00000000ec880000)
 ParOldGen       total 68608K, used 8074K [0x00000000c0000000, 0x00000000c4300000, 0x00000000eab00000)
  object space 68608K, 11% used [0x00000000c0000000,0x00000000c07e2958,0x00000000c4300000)
 Metaspace       used 35170K, committed 35776K, reserved 1081344K
  class space    used 3569K, committed 3840K, reserved 1048576K
}
Event: 5.985 GC heap after
{Heap after GC invocations=9 (full 1):
 PSYoungGen      total 26112K, used 2537K [0x00000000eab00000, 0x00000000ec900000, 0x0000000100000000)
  eden space 23552K, 0% used [0x00000000eab00000,0x00000000eab00000,0x00000000ec200000)
  from space 2560K, 99% used [0x00000000ec600000,0x00000000ec87a410,0x00000000ec880000)
  to   space 3584K, 0% used [0x00000000ec200000,0x00000000ec200000,0x00000000ec580000)
 ParOldGen       total 68608K, used 8903K [0x00000000c0000000, 0x00000000c4300000, 0x00000000eab00000)
  object space 68608K, 12% used [0x00000000c0000000,0x00000000c08b1cd0,0x00000000c4300000)
 Metaspace       used 35170K, committed 35776K, reserved 1081344K
  class space    used 3569K, committed 3840K, reserved 1048576K
}
Event: 6.026 GC heap before
{Heap before GC invocations=10 (full 1):
 PSYoungGen      total 26112K, used 15895K [0x00000000eab00000, 0x00000000ec900000, 0x0000000100000000)
  eden space 23552K, 56% used [0x00000000eab00000,0x00000000eb80b928,0x00000000ec200000)
  from space 2560K, 99% used [0x00000000ec600000,0x00000000ec87a410,0x00000000ec880000)
  to   space 3584K, 0% used [0x00000000ec200000,0x00000000ec200000,0x00000000ec580000)
 ParOldGen       total 68608K, used 8903K [0x00000000c0000000, 0x00000000c4300000, 0x00000000eab00000)
  object space 68608K, 12% used [0x00000000c0000000,0x00000000c08b1cd0,0x00000000c4300000)
 Metaspace       used 35288K, committed 35840K, reserved 1081344K
  class space    used 3583K, committed 3840K, reserved 1048576K
}
Event: 6.028 GC heap after
{Heap after GC invocations=10 (full 1):
 PSYoungGen      total 27136K, used 3158K [0x00000000eab00000, 0x00000000ec900000, 0x0000000100000000)
  eden space 23552K, 0% used [0x00000000eab00000,0x00000000eab00000,0x00000000ec200000)
  from space 3584K, 88% used [0x00000000ec200000,0x00000000ec515948,0x00000000ec580000)
  to   space 3584K, 0% used [0x00000000ec580000,0x00000000ec580000,0x00000000ec900000)
 ParOldGen       total 68608K, used 9790K [0x00000000c0000000, 0x00000000c4300000, 0x00000000eab00000)
  object space 68608K, 14% used [0x00000000c0000000,0x00000000c098fb90,0x00000000c4300000)
 Metaspace       used 35288K, committed 35840K, reserved 1081344K
  class space    used 3583K, committed 3840K, reserved 1048576K
}
Event: 6.028 GC heap before
{Heap before GC invocations=11 (full 2):
 PSYoungGen      total 27136K, used 3158K [0x00000000eab00000, 0x00000000ec900000, 0x0000000100000000)
  eden space 23552K, 0% used [0x00000000eab00000,0x00000000eab00000,0x00000000ec200000)
  from space 3584K, 88% used [0x00000000ec200000,0x00000000ec515948,0x00000000ec580000)
  to   space 3584K, 0% used [0x00000000ec580000,0x00000000ec580000,0x00000000ec900000)
 ParOldGen       total 68608K, used 9790K [0x00000000c0000000, 0x00000000c4300000, 0x00000000eab00000)
  object space 68608K, 14% used [0x00000000c0000000,0x00000000c098fb90,0x00000000c4300000)
 Metaspace       used 35288K, committed 35840K, reserved 1081344K
  class space    used 3583K, committed 3840K, reserved 1048576K
}
Event: 6.042 GC heap after
{Heap after GC invocations=11 (full 2):
 PSYoungGen      total 27136K, used 0K [0x00000000eab00000, 0x00000000ec900000, 0x0000000100000000)
  eden space 23552K, 0% used [0x00000000eab00000,0x00000000eab00000,0x00000000ec200000)
  from space 3584K, 0% used [0x00000000ec200000,0x00000000ec200000,0x00000000ec580000)
  to   space 3584K, 0% used [0x00000000ec580000,0x00000000ec580000,0x00000000ec900000)
 ParOldGen       total 68608K, used 12485K [0x00000000c0000000, 0x00000000c4300000, 0x00000000eab00000)
  object space 68608K, 18% used [0x00000000c0000000,0x00000000c0c317c8,0x00000000c4300000)
 Metaspace       used 35288K, committed 35840K, reserved 1081344K
  class space    used 3583K, committed 3840K, reserved 1048576K
}
Event: 6.104 GC heap before
{Heap before GC invocations=12 (full 2):
 PSYoungGen      total 27136K, used 23552K [0x00000000eab00000, 0x00000000ec900000, 0x0000000100000000)
  eden space 23552K, 100% used [0x00000000eab00000,0x00000000ec200000,0x00000000ec200000)
  from space 3584K, 0% used [0x00000000ec200000,0x00000000ec200000,0x00000000ec580000)
  to   space 3584K, 0% used [0x00000000ec580000,0x00000000ec580000,0x00000000ec900000)
 ParOldGen       total 68608K, used 12485K [0x00000000c0000000, 0x00000000c4300000, 0x00000000eab00000)
  object space 68608K, 18% used [0x00000000c0000000,0x00000000c0c317c8,0x00000000c4300000)
 Metaspace       used 35355K, committed 35904K, reserved 1081344K
  class space    used 3587K, committed 3840K, reserved 1048576K
}
Event: 6.106 GC heap after
{Heap after GC invocations=12 (full 2):
 PSYoungGen      total 25600K, used 2336K [0x00000000eab00000, 0x00000000ec800000, 0x0000000100000000)
  eden space 23040K, 0% used [0x00000000eab00000,0x00000000eab00000,0x00000000ec180000)
  from space 2560K, 91% used [0x00000000ec580000,0x00000000ec7c8000,0x00000000ec800000)
  to   space 3072K, 0% used [0x00000000ec200000,0x00000000ec200000,0x00000000ec500000)
 ParOldGen       total 68608K, used 12485K [0x00000000c0000000, 0x00000000c4300000, 0x00000000eab00000)
  object space 68608K, 18% used [0x00000000c0000000,0x00000000c0c317c8,0x00000000c4300000)
 Metaspace       used 35355K, committed 35904K, reserved 1081344K
  class space    used 3587K, committed 3840K, reserved 1048576K
}
Event: 6.178 GC heap before
{Heap before GC invocations=13 (full 2):
 PSYoungGen      total 25600K, used 25376K [0x00000000eab00000, 0x00000000ec800000, 0x0000000100000000)
  eden space 23040K, 100% used [0x00000000eab00000,0x00000000ec180000,0x00000000ec180000)
  from space 2560K, 91% used [0x00000000ec580000,0x00000000ec7c8000,0x00000000ec800000)
  to   space 3072K, 0% used [0x00000000ec200000,0x00000000ec200000,0x00000000ec500000)
 ParOldGen       total 68608K, used 12485K [0x00000000c0000000, 0x00000000c4300000, 0x00000000eab00000)
  object space 68608K, 18% used [0x00000000c0000000,0x00000000c0c317c8,0x00000000c4300000)
 Metaspace       used 35402K, committed 35968K, reserved 1081344K
  class space    used 3598K, committed 3840K, reserved 1048576K
}
Event: 6.180 GC heap after
{Heap after GC invocations=13 (full 2):
 PSYoungGen      total 25600K, used 3008K [0x00000000eab00000, 0x00000000ec800000, 0x0000000100000000)
  eden space 22528K, 0% used [0x00000000eab00000,0x00000000eab00000,0x00000000ec100000)
  from space 3072K, 97% used [0x00000000ec200000,0x00000000ec4f0020,0x00000000ec500000)
  to   space 3072K, 0% used [0x00000000ec500000,0x00000000ec500000,0x00000000ec800000)
 ParOldGen       total 68608K, used 14685K [0x00000000c0000000, 0x00000000c4300000, 0x00000000eab00000)
  object space 68608K, 21% used [0x00000000c0000000,0x00000000c0e577c8,0x00000000c4300000)
 Metaspace       used 35402K, committed 35968K, reserved 1081344K
  class space    used 3598K, committed 3840K, reserved 1048576K
}
Event: 6.221 GC heap before
{Heap before GC invocations=14 (full 2):
 PSYoungGen      total 25600K, used 25536K [0x00000000eab00000, 0x00000000ec800000, 0x0000000100000000)
  eden space 22528K, 100% used [0x00000000eab00000,0x00000000ec100000,0x00000000ec100000)
  from space 3072K, 97% used [0x00000000ec200000,0x00000000ec4f0020,0x00000000ec500000)
  to   space 3072K, 0% used [0x00000000ec500000,0x00000000ec500000,0x00000000ec800000)
 ParOldGen       total 68608K, used 14685K [0x00000000c0000000, 0x00000000c4300000, 0x00000000eab00000)
  object space 68608K, 21% used [0x00000000c0000000,0x00000000c0e577c8,0x00000000c4300000)
 Metaspace       used 35402K, committed 35968K, reserved 1081344K
  class space    used 3598K, committed 3840K, reserved 1048576K
}
Event: 6.224 GC heap after
{Heap after GC invocations=14 (full 2):
 PSYoungGen      total 25088K, used 2848K [0x00000000eab00000, 0x00000000ec800000, 0x0000000100000000)
  eden space 22016K, 0% used [0x00000000eab00000,0x00000000eab00000,0x00000000ec080000)
  from space 3072K, 92% used [0x00000000ec500000,0x00000000ec7c8010,0x00000000ec800000)
  to   space 3072K, 0% used [0x00000000ec200000,0x00000000ec200000,0x00000000ec500000)
 ParOldGen       total 68608K, used 17444K [0x00000000c0000000, 0x00000000c4300000, 0x00000000eab00000)
  object space 68608K, 25% used [0x00000000c0000000,0x00000000c11091c0,0x00000000c4300000)
 Metaspace       used 35402K, committed 35968K, reserved 1081344K
  class space    used 3598K, committed 3840K, reserved 1048576K
}
Event: 6.271 GC heap before
{Heap before GC invocations=15 (full 2):
 PSYoungGen      total 25088K, used 24864K [0x00000000eab00000, 0x00000000ec800000, 0x0000000100000000)
  eden space 22016K, 100% used [0x00000000eab00000,0x00000000ec080000,0x00000000ec080000)
  from space 3072K, 92% used [0x00000000ec500000,0x00000000ec7c8010,0x00000000ec800000)
  to   space 3072K, 0% used [0x00000000ec200000,0x00000000ec200000,0x00000000ec500000)
 ParOldGen       total 68608K, used 17444K [0x00000000c0000000, 0x00000000c4300000, 0x00000000eab00000)
  object space 68608K, 25% used [0x00000000c0000000,0x00000000c11091c0,0x00000000c4300000)
 Metaspace       used 35488K, committed 36160K, reserved 1081344K
  class space    used 3606K, committed 3904K, reserved 1048576K
}
Event: 6.274 GC heap after
{Heap after GC invocations=15 (full 2):
 PSYoungGen      total 25088K, used 2976K [0x00000000eab00000, 0x00000000ec680000, 0x0000000100000000)
  eden space 22016K, 0% used [0x00000000eab00000,0x00000000eab00000,0x00000000ec080000)
  from space 3072K, 96% used [0x00000000ec200000,0x00000000ec4e8000,0x00000000ec500000)
  to   space 1536K, 0% used [0x00000000ec500000,0x00000000ec500000,0x00000000ec680000)
 ParOldGen       total 68608K, used 20140K [0x00000000c0000000, 0x00000000c4300000, 0x00000000eab00000)
  object space 68608K, 29% used [0x00000000c0000000,0x00000000c13ab1d0,0x00000000c4300000)
 Metaspace       used 35488K, committed 36160K, reserved 1081344K
  class space    used 3606K, committed 3904K, reserved 1048576K
}

