# JRE version: OpenJDK Runtime Environment Temurin-17.0.5+8 (17.0.5+8) (build 17.0.5+8)
# Java VM: OpenJDK 64-Bit Server VM Temurin-17.0.5+8 (17.0.5+8, mixed mode, tiered, compressed oops, compressed class ptrs, parallel gc, windows-amd64)
GC Precious Log:
 CPUs: 12 total, 12 available
 Memory: 15990M
 Large Page Support: Disabled
 NUMA Support: Disabled
 Compressed Oops: Enabled (32-bit)
 Alignments: Space 512K, Generation 512K, Heap 2M
 Heap Min Capacity: 100M
 Heap Initial Capacity: 100M
 Heap Max Capacity: 1G
 Pre-touch: Disabled
 Parallel Workers: 10
Heap:
 PSYoungGen      total 1536K, used 590K [0x00000000eab00000, 0x00000000eae00000, 0x0000000100000000)
  eden space 1024K, 7% used [0x00000000eab00000,0x00000000eab138e0,0x00000000eac00000)
  from space 512K, 100% used [0x00000000ead80000,0x00000000eae00000,0x00000000eae00000)
  to   space 1024K, 0% used [0x00000000eac00000,0x00000000eac00000,0x00000000ead00000)
 ParOldGen       total 242688K, used 199311K [0x00000000c0000000, 0x00000000ced00000, 0x00000000eab00000)
  object space 242688K, 82% used [0x00000000c0000000,0x00000000cc2a3ea8,0x00000000ced00000)
 Metaspace       used 68183K, committed 69120K, reserved 1114112K
  class space    used 7261K, committed 7680K, reserved 1048576K
GC Heap History (20 events):
Event: 78.536 GC heap before
{Heap before GC invocations=528 (full 13):
 PSYoungGen      total 2048K, used 1344K [0x00000000eab00000, 0x00000000eae80000, 0x0000000100000000)
  eden space 1024K, 100% used [0x00000000eab00000,0x00000000eac00000,0x00000000eac00000)
  from space 1024K, 31% used [0x00000000eac80000,0x00000000eacd0000,0x00000000ead80000)
  to   space 512K, 0% used [0x00000000eae00000,0x00000000eae00000,0x00000000eae80000)
 ParOldGen       total 242688K, used 195901K [0x00000000c0000000, 0x00000000ced00000, 0x00000000eab00000)
  object space 242688K, 80% used [0x00000000c0000000,0x00000000cbf4f560,0x00000000ced00000)
 Metaspace       used 68039K, committed 68992K, reserved 1114112K
  class space    used 7261K, committed 7680K, reserved 1048576K
}
Event: 78.537 GC heap after
{Heap after GC invocations=528 (full 13):
 PSYoungGen      total 1536K, used 320K [0x00000000eab00000, 0x00000000eae80000, 0x0000000100000000)
  eden space 1024K, 0% used [0x00000000eab00000,0x00000000eab00000,0x00000000eac00000)
  from space 512K, 62% used [0x00000000eae00000,0x00000000eae50000,0x00000000eae80000)
  to   space 512K, 0% used [0x00000000ead80000,0x00000000ead80000,0x00000000eae00000)
 ParOldGen       total 242688K, used 196093K [0x00000000c0000000, 0x00000000ced00000, 0x00000000eab00000)
  object space 242688K, 80% used [0x00000000c0000000,0x00000000cbf7f7e0,0x00000000ced00000)
 Metaspace       used 68039K, committed 68992K, reserved 1114112K
  class space    used 7261K, committed 7680K, reserved 1048576K
}
Event: 78.547 GC heap before
{Heap before GC invocations=529 (full 13):
 PSYoungGen      total 1536K, used 1344K [0x00000000eab00000, 0x00000000eae80000, 0x0000000100000000)
  eden space 1024K, 100% used [0x00000000eab00000,0x00000000eac00000,0x00000000eac00000)
  from space 512K, 62% used [0x00000000eae00000,0x00000000eae50000,0x00000000eae80000)
  to   space 512K, 0% used [0x00000000ead80000,0x00000000ead80000,0x00000000eae00000)
 ParOldGen       total 242688K, used 196093K [0x00000000c0000000, 0x00000000ced00000, 0x00000000eab00000)
  object space 242688K, 80% used [0x00000000c0000000,0x00000000cbf7f7e0,0x00000000ced00000)
 Metaspace       used 68039K, committed 68992K, reserved 1114112K
  class space    used 7261K, committed 7680K, reserved 1048576K
}
Event: 78.548 GC heap after
{Heap after GC invocations=529 (full 13):
 PSYoungGen      total 1536K, used 352K [0x00000000eab00000, 0x00000000eae80000, 0x0000000100000000)
  eden space 1024K, 0% used [0x00000000eab00000,0x00000000eab00000,0x00000000eac00000)
  from space 512K, 68% used [0x00000000ead80000,0x00000000eadd8000,0x00000000eae00000)
  to   space 512K, 0% used [0x00000000eae00000,0x00000000eae00000,0x00000000eae80000)
 ParOldGen       total 242688K, used 196328K [0x00000000c0000000, 0x00000000ced00000, 0x00000000eab00000)
  object space 242688K, 80% used [0x00000000c0000000,0x00000000cbfba030,0x00000000ced00000)
 Metaspace       used 68039K, committed 68992K, reserved 1114112K
  class space    used 7261K, committed 7680K, reserved 1048576K
}
Event: 78.554 GC heap before
{Heap before GC invocations=530 (full 13):
 PSYoungGen      total 1536K, used 1375K [0x00000000eab00000, 0x00000000eae80000, 0x0000000100000000)
  eden space 1024K, 99% used [0x00000000eab00000,0x00000000eabfff40,0x00000000eac00000)
  from space 512K, 68% used [0x00000000ead80000,0x00000000eadd8000,0x00000000eae00000)
  to   space 512K, 0% used [0x00000000eae00000,0x00000000eae00000,0x00000000eae80000)
 ParOldGen       total 242688K, used 196328K [0x00000000c0000000, 0x00000000ced00000, 0x00000000eab00000)
  object space 242688K, 80% used [0x00000000c0000000,0x00000000cbfba030,0x00000000ced00000)
 Metaspace       used 68045K, committed 68992K, reserved 1114112K
  class space    used 7261K, committed 7680K, reserved 1048576K
}
Event: 78.555 GC heap after
{Heap after GC invocations=530 (full 13):
 PSYoungGen      total 1536K, used 384K [0x00000000eab00000, 0x00000000eae80000, 0x0000000100000000)
  eden space 1024K, 0% used [0x00000000eab00000,0x00000000eab00000,0x00000000eac00000)
  from space 512K, 75% used [0x00000000eae00000,0x00000000eae60000,0x00000000eae80000)
  to   space 512K, 0% used [0x00000000ead80000,0x00000000ead80000,0x00000000eae00000)
 ParOldGen       total 242688K, used 196552K [0x00000000c0000000, 0x00000000ced00000, 0x00000000eab00000)
  object space 242688K, 80% used [0x00000000c0000000,0x00000000cbff2030,0x00000000ced00000)
 Metaspace       used 68045K, committed 68992K, reserved 1114112K
  class space    used 7261K, committed 7680K, reserved 1048576K
}
Event: 78.562 GC heap before
{Heap before GC invocations=531 (full 13):
 PSYoungGen      total 1536K, used 1408K [0x00000000eab00000, 0x00000000eae80000, 0x0000000100000000)
  eden space 1024K, 100% used [0x00000000eab00000,0x00000000eac00000,0x00000000eac00000)
  from space 512K, 75% used [0x00000000eae00000,0x00000000eae60000,0x00000000eae80000)
  to   space 512K, 0% used [0x00000000ead80000,0x00000000ead80000,0x00000000eae00000)
 ParOldGen       total 242688K, used 196552K [0x00000000c0000000, 0x00000000ced00000, 0x00000000eab00000)
  object space 242688K, 80% used [0x00000000c0000000,0x00000000cbff2030,0x00000000ced00000)
 Metaspace       used 68068K, committed 68992K, reserved 1114112K
  class space    used 7261K, committed 7680K, reserved 1048576K
}
Event: 78.563 GC heap after
{Heap after GC invocations=531 (full 13):
 PSYoungGen      total 1536K, used 352K [0x00000000eab00000, 0x00000000eae80000, 0x0000000100000000)
  eden space 1024K, 0% used [0x00000000eab00000,0x00000000eab00000,0x00000000eac00000)
  from space 512K, 68% used [0x00000000ead80000,0x00000000eadd8000,0x00000000eae00000)
  to   space 512K, 0% used [0x00000000eae00000,0x00000000eae00000,0x00000000eae80000)
 ParOldGen       total 242688K, used 196781K [0x00000000c0000000, 0x00000000ced00000, 0x00000000eab00000)
  object space 242688K, 81% used [0x00000000c0000000,0x00000000cc02b418,0x00000000ced00000)
 Metaspace       used 68068K, committed 68992K, reserved 1114112K
  class space    used 7261K, committed 7680K, reserved 1048576K
}
Event: 78.570 GC heap before
{Heap before GC invocations=532 (full 13):
 PSYoungGen      total 1536K, used 1376K [0x00000000eab00000, 0x00000000eae80000, 0x0000000100000000)
  eden space 1024K, 100% used [0x00000000eab00000,0x00000000eac00000,0x00000000eac00000)
  from space 512K, 68% used [0x00000000ead80000,0x00000000eadd8000,0x00000000eae00000)
  to   space 512K, 0% used [0x00000000eae00000,0x00000000eae00000,0x00000000eae80000)
 ParOldGen       total 242688K, used 196781K [0x00000000c0000000, 0x00000000ced00000, 0x00000000eab00000)
  object space 242688K, 81% used [0x00000000c0000000,0x00000000cc02b418,0x00000000ced00000)
 Metaspace       used 68068K, committed 69056K, reserved 1114112K
  class space    used 7261K, committed 7680K, reserved 1048576K
}
Event: 78.571 GC heap after
{Heap after GC invocations=532 (full 13):
 PSYoungGen      total 1536K, used 384K [0x00000000eab00000, 0x00000000eae80000, 0x0000000100000000)
  eden space 1024K, 0% used [0x00000000eab00000,0x00000000eab00000,0x00000000eac00000)
  from space 512K, 75% used [0x00000000eae00000,0x00000000eae60000,0x00000000eae80000)
  to   space 512K, 0% used [0x00000000ead80000,0x00000000ead80000,0x00000000eae00000)
 ParOldGen       total 242688K, used 196994K [0x00000000c0000000, 0x00000000ced00000, 0x00000000eab00000)
  object space 242688K, 81% used [0x00000000c0000000,0x00000000cc060b98,0x00000000ced00000)
 Metaspace       used 68068K, committed 69056K, reserved 1114112K
  class space    used 7261K, committed 7680K, reserved 1048576K
}
Event: 78.580 GC heap before
{Heap before GC invocations=533 (full 13):
 PSYoungGen      total 1536K, used 1408K [0x00000000eab00000, 0x00000000eae80000, 0x0000000100000000)
  eden space 1024K, 100% used [0x00000000eab00000,0x00000000eac00000,0x00000000eac00000)
  from space 512K, 75% used [0x00000000eae00000,0x00000000eae60000,0x00000000eae80000)
  to   space 512K, 0% used [0x00000000ead80000,0x00000000ead80000,0x00000000eae00000)
 ParOldGen       total 242688K, used 196994K [0x00000000c0000000, 0x00000000ced00000, 0x00000000eab00000)
  object space 242688K, 81% used [0x00000000c0000000,0x00000000cc060b98,0x00000000ced00000)
 Metaspace       used 68069K, committed 69056K, reserved 1114112K
  class space    used 7261K, committed 7680K, reserved 1048576K
}
Event: 78.580 GC heap after
{Heap after GC invocations=533 (full 13):
 PSYoungGen      total 1536K, used 512K [0x00000000eab00000, 0x00000000eae80000, 0x0000000100000000)
  eden space 1024K, 0% used [0x00000000eab00000,0x00000000eab00000,0x00000000eac00000)
  from space 512K, 100% used [0x00000000ead80000,0x00000000eae00000,0x00000000eae00000)
  to   space 512K, 0% used [0x00000000eae00000,0x00000000eae00000,0x00000000eae80000)
 ParOldGen       total 242688K, used 197018K [0x00000000c0000000, 0x00000000ced00000, 0x00000000eab00000)
  object space 242688K, 81% used [0x00000000c0000000,0x00000000cc066900,0x00000000ced00000)
 Metaspace       used 68069K, committed 69056K, reserved 1114112K
  class space    used 7261K, committed 7680K, reserved 1048576K
}
Event: 78.587 GC heap before
{Heap before GC invocations=534 (full 13):
 PSYoungGen      total 1536K, used 1534K [0x00000000eab00000, 0x00000000eae80000, 0x0000000100000000)
  eden space 1024K, 99% used [0x00000000eab00000,0x00000000eabffb50,0x00000000eac00000)
  from space 512K, 100% used [0x00000000ead80000,0x00000000eae00000,0x00000000eae00000)
  to   space 512K, 0% used [0x00000000eae00000,0x00000000eae00000,0x00000000eae80000)
 ParOldGen       total 242688K, used 197018K [0x00000000c0000000, 0x00000000ced00000, 0x00000000eab00000)
  object space 242688K, 81% used [0x00000000c0000000,0x00000000cc066900,0x00000000ced00000)
 Metaspace       used 68070K, committed 69056K, reserved 1114112K
  class space    used 7261K, committed 7680K, reserved 1048576K
}
Event: 78.587 GC heap after
{Heap after GC invocations=534 (full 13):
 PSYoungGen      total 1536K, used 456K [0x00000000eab00000, 0x00000000eae80000, 0x0000000100000000)
  eden space 1024K, 0% used [0x00000000eab00000,0x00000000eab00000,0x00000000eac00000)
  from space 512K, 89% used [0x00000000eae00000,0x00000000eae72260,0x00000000eae80000)
  to   space 512K, 0% used [0x00000000ead80000,0x00000000ead80000,0x00000000eae00000)
 ParOldGen       total 242688K, used 197384K [0x00000000c0000000, 0x00000000ced00000, 0x00000000eab00000)
  object space 242688K, 81% used [0x00000000c0000000,0x00000000cc0c22f0,0x00000000ced00000)
 Metaspace       used 68070K, committed 69056K, reserved 1114112K
  class space    used 7261K, committed 7680K, reserved 1048576K
}
Event: 78.594 GC heap before
{Heap before GC invocations=535 (full 13):
 PSYoungGen      total 1536K, used 1480K [0x00000000eab00000, 0x00000000eae80000, 0x0000000100000000)
  eden space 1024K, 100% used [0x00000000eab00000,0x00000000eac00000,0x00000000eac00000)
  from space 512K, 89% used [0x00000000eae00000,0x00000000eae72260,0x00000000eae80000)
  to   space 512K, 0% used [0x00000000ead80000,0x00000000ead80000,0x00000000eae00000)
 ParOldGen       total 242688K, used 197384K [0x00000000c0000000, 0x00000000ced00000, 0x00000000eab00000)
  object space 242688K, 81% used [0x00000000c0000000,0x00000000cc0c22f0,0x00000000ced00000)
 Metaspace       used 68071K, committed 69056K, reserved 1114112K
  class space    used 7261K, committed 7680K, reserved 1048576K
}
Event: 78.595 GC heap after
{Heap after GC invocations=535 (full 13):
 PSYoungGen      total 1536K, used 484K [0x00000000eab00000, 0x00000000eae80000, 0x0000000100000000)
  eden space 1024K, 0% used [0x00000000eab00000,0x00000000eab00000,0x00000000eac00000)
  from space 512K, 94% used [0x00000000ead80000,0x00000000eadf9130,0x00000000eae00000)
  to   space 512K, 0% used [0x00000000eae00000,0x00000000eae00000,0x00000000eae80000)
 ParOldGen       total 242688K, used 197424K [0x00000000c0000000, 0x00000000ced00000, 0x00000000eab00000)
  object space 242688K, 81% used [0x00000000c0000000,0x00000000cc0cc2f0,0x00000000ced00000)
 Metaspace       used 68071K, committed 69056K, reserved 1114112K
  class space    used 7261K, committed 7680K, reserved 1048576K
}
Event: 78.602 GC heap before
{Heap before GC invocations=536 (full 13):
 PSYoungGen      total 1536K, used 1508K [0x00000000eab00000, 0x00000000eae80000, 0x0000000100000000)
  eden space 1024K, 100% used [0x00000000eab00000,0x00000000eac00000,0x00000000eac00000)
  from space 512K, 94% used [0x00000000ead80000,0x00000000eadf9130,0x00000000eae00000)
  to   space 512K, 0% used [0x00000000eae00000,0x00000000eae00000,0x00000000eae80000)
 ParOldGen       total 242688K, used 197424K [0x00000000c0000000, 0x00000000ced00000, 0x00000000eab00000)
  object space 242688K, 81% used [0x00000000c0000000,0x00000000cc0cc2f0,0x00000000ced00000)
 Metaspace       used 68094K, committed 69056K, reserved 1114112K
  class space    used 7261K, committed 7680K, reserved 1048576K
}
Event: 78.603 GC heap after
{Heap after GC invocations=536 (full 13):
 PSYoungGen      total 1536K, used 384K [0x00000000eab00000, 0x00000000eae80000, 0x0000000100000000)
  eden space 1024K, 0% used [0x00000000eab00000,0x00000000eab00000,0x00000000eac00000)
  from space 512K, 75% used [0x00000000eae00000,0x00000000eae60000,0x00000000eae80000)
  to   space 512K, 0% used [0x00000000ead80000,0x00000000ead80000,0x00000000eae00000)
 ParOldGen       total 242688K, used 197815K [0x00000000c0000000, 0x00000000ced00000, 0x00000000eab00000)
  object space 242688K, 81% used [0x00000000c0000000,0x00000000cc12de30,0x00000000ced00000)
 Metaspace       used 68094K, committed 69056K, reserved 1114112K
  class space    used 7261K, committed 7680K, reserved 1048576K
}
Event: 78.611 GC heap before
{Heap before GC invocations=537 (full 13):
 PSYoungGen      total 1536K, used 1408K [0x00000000eab00000, 0x00000000eae80000, 0x0000000100000000)
  eden space 1024K, 100% used [0x00000000eab00000,0x00000000eac00000,0x00000000eac00000)
  from space 512K, 75% used [0x00000000eae00000,0x00000000eae60000,0x00000000eae80000)
  to   space 512K, 0% used [0x00000000ead80000,0x00000000ead80000,0x00000000eae00000)
 ParOldGen       total 242688K, used 197815K [0x00000000c0000000, 0x00000000ced00000, 0x00000000eab00000)
  object space 242688K, 81% used [0x00000000c0000000,0x00000000cc12de30,0x00000000ced00000)
 Metaspace       used 68104K, committed 69056K, reserved 1114112K
  class space    used 7261K, committed 7680K, reserved 1048576K
}
Event: 78.612 GC heap after
{Heap after GC invocations=537 (full 13):
 PSYoungGen      total 1536K, used 448K [0x00000000eab00000, 0x00000000eae80000, 0x0000000100000000)
  eden space 1024K, 0% used [0x00000000eab00000,0x00000000eab00000,0x00000000eac00000)
  from space 512K, 87% used [0x00000000ead80000,0x00000000eadf0000,0x00000000eae00000)
  to   space 512K, 0% used [0x00000000eae00000,0x00000000eae00000,0x00000000eae80000)
 ParOldGen       total 242688K, used 198033K [0x00000000c0000000, 0x00000000ced00000, 0x00000000eab00000)
  object space 242688K, 81% used [0x00000000c0000000,0x00000000cc164500,0x00000000ced00000)
 Metaspace       used 68104K, committed 69056K, reserved 1114112K
  class space    used 7261K, committed 7680K, reserved 1048576K
}

