# JRE version: OpenJDK Runtime Environment Temurin-17.0.5+8 (17.0.5+8) (build 17.0.5+8)
# Java VM: OpenJDK 64-Bit Server VM Temurin-17.0.5+8 (17.0.5+8, mixed mode, tiered, compressed oops, compressed class ptrs, parallel gc, windows-amd64)
GC Precious Log:
 CPUs: 12 total, 12 available
 Memory: 15990M
 Large Page Support: Disabled
 NUMA Support: Disabled
 Compressed Oops: Enabled (32-bit)
 Alignments: Space 512K, Generation 512K, Heap 2M
 Heap Min Capacity: 100M
 Heap Initial Capacity: 100M
 Heap Max Capacity: 1G
 Pre-touch: Disabled
 Parallel Workers: 10
Heap:
 PSYoungGen      total 13824K, used 8842K [0x00000000eab00000, 0x00000000ebd00000, 0x0000000100000000)
  eden space 10752K, 59% used [0x00000000eab00000,0x00000000eb14cb68,0x00000000eb580000)
  from space 3072K, 84% used [0x00000000eba00000,0x00000000ebc8b580,0x00000000ebd00000)
  to   space 3072K, 0% used [0x00000000eb580000,0x00000000eb580000,0x00000000eb880000)
 ParOldGen       total 275456K, used 230445K [0x00000000c0000000, 0x00000000d0d00000, 0x00000000eab00000)
  object space 275456K, 83% used [0x00000000c0000000,0x00000000ce10b450,0x00000000d0d00000)
 Metaspace       used 63288K, committed 64256K, reserved 1105920K
  class space    used 7676K, committed 8128K, reserved 1048576K
GC Heap History (20 events):
Event: 31.177 GC heap before
{Heap before GC invocations=189 (full 9):
 PSYoungGen      total 11776K, used 11771K [0x00000000eab00000, 0x00000000ebc80000, 0x0000000100000000)
  eden space 8704K, 100% used [0x00000000eab00000,0x00000000eb380000,0x00000000eb380000)
  from space 3072K, 99% used [0x00000000eb480000,0x00000000eb77ee40,0x00000000eb780000)
  to   space 4608K, 0% used [0x00000000eb800000,0x00000000eb800000,0x00000000ebc80000)
 ParOldGen       total 232448K, used 211330K [0x00000000c0000000, 0x00000000ce300000, 0x00000000eab00000)
  object space 232448K, 90% used [0x00000000c0000000,0x00000000cce60b20,0x00000000ce300000)
 Metaspace       used 63287K, committed 64256K, reserved 1105920K
  class space    used 7676K, committed 8128K, reserved 1048576K
}
Event: 31.179 GC heap after
{Heap after GC invocations=189 (full 9):
 PSYoungGen      total 11264K, used 2055K [0x00000000eab00000, 0x00000000eba80000, 0x0000000100000000)
  eden space 8704K, 0% used [0x00000000eab00000,0x00000000eab00000,0x00000000eb380000)
  from space 2560K, 80% used [0x00000000eb800000,0x00000000eba01c08,0x00000000eba80000)
  to   space 3072K, 0% used [0x00000000eb480000,0x00000000eb480000,0x00000000eb780000)
 ParOldGen       total 232448K, used 214461K [0x00000000c0000000, 0x00000000ce300000, 0x00000000eab00000)
  object space 232448K, 92% used [0x00000000c0000000,0x00000000cd16f490,0x00000000ce300000)
 Metaspace       used 63287K, committed 64256K, reserved 1105920K
  class space    used 7676K, committed 8128K, reserved 1048576K
}
Event: 31.196 GC heap before
{Heap before GC invocations=190 (full 9):
 PSYoungGen      total 11264K, used 10759K [0x00000000eab00000, 0x00000000eba80000, 0x0000000100000000)
  eden space 8704K, 100% used [0x00000000eab00000,0x00000000eb380000,0x00000000eb380000)
  from space 2560K, 80% used [0x00000000eb800000,0x00000000eba01c08,0x00000000eba80000)
  to   space 3072K, 0% used [0x00000000eb480000,0x00000000eb480000,0x00000000eb780000)
 ParOldGen       total 232448K, used 214461K [0x00000000c0000000, 0x00000000ce300000, 0x00000000eab00000)
  object space 232448K, 92% used [0x00000000c0000000,0x00000000cd16f490,0x00000000ce300000)
 Metaspace       used 63287K, committed 64256K, reserved 1105920K
  class space    used 7676K, committed 8128K, reserved 1048576K
}
Event: 31.198 GC heap after
{Heap after GC invocations=190 (full 9):
 PSYoungGen      total 11776K, used 3067K [0x00000000eab00000, 0x00000000ebb80000, 0x0000000100000000)
  eden space 8704K, 0% used [0x00000000eab00000,0x00000000eab00000,0x00000000eb380000)
  from space 3072K, 99% used [0x00000000eb480000,0x00000000eb77ec40,0x00000000eb780000)
  to   space 4096K, 0% used [0x00000000eb780000,0x00000000eb780000,0x00000000ebb80000)
 ParOldGen       total 232448K, used 215168K [0x00000000c0000000, 0x00000000ce300000, 0x00000000eab00000)
  object space 232448K, 92% used [0x00000000c0000000,0x00000000cd2203d8,0x00000000ce300000)
 Metaspace       used 63287K, committed 64256K, reserved 1105920K
  class space    used 7676K, committed 8128K, reserved 1048576K
}
Event: 31.219 GC heap before
{Heap before GC invocations=191 (full 9):
 PSYoungGen      total 11776K, used 11771K [0x00000000eab00000, 0x00000000ebb80000, 0x0000000100000000)
  eden space 8704K, 100% used [0x00000000eab00000,0x00000000eb380000,0x00000000eb380000)
  from space 3072K, 99% used [0x00000000eb480000,0x00000000eb77ec40,0x00000000eb780000)
  to   space 4096K, 0% used [0x00000000eb780000,0x00000000eb780000,0x00000000ebb80000)
 ParOldGen       total 232448K, used 215168K [0x00000000c0000000, 0x00000000ce300000, 0x00000000eab00000)
  object space 232448K, 92% used [0x00000000c0000000,0x00000000cd2203d8,0x00000000ce300000)
 Metaspace       used 63287K, committed 64256K, reserved 1105920K
  class space    used 7676K, committed 8128K, reserved 1048576K
}
Event: 31.222 GC heap after
{Heap after GC invocations=191 (full 9):
 PSYoungGen      total 11264K, used 2194K [0x00000000eab00000, 0x00000000eba00000, 0x0000000100000000)
  eden space 8704K, 0% used [0x00000000eab00000,0x00000000eab00000,0x00000000eb380000)
  from space 2560K, 85% used [0x00000000eb780000,0x00000000eb9a4908,0x00000000eba00000)
  to   space 3072K, 0% used [0x00000000eb400000,0x00000000eb400000,0x00000000eb700000)
 ParOldGen       total 232448K, used 218268K [0x00000000c0000000, 0x00000000ce300000, 0x00000000eab00000)
  object space 232448K, 93% used [0x00000000c0000000,0x00000000cd527378,0x00000000ce300000)
 Metaspace       used 63287K, committed 64256K, reserved 1105920K
  class space    used 7676K, committed 8128K, reserved 1048576K
}
Event: 31.239 GC heap before
{Heap before GC invocations=192 (full 9):
 PSYoungGen      total 11264K, used 10898K [0x00000000eab00000, 0x00000000eba00000, 0x0000000100000000)
  eden space 8704K, 100% used [0x00000000eab00000,0x00000000eb380000,0x00000000eb380000)
  from space 2560K, 85% used [0x00000000eb780000,0x00000000eb9a4908,0x00000000eba00000)
  to   space 3072K, 0% used [0x00000000eb400000,0x00000000eb400000,0x00000000eb700000)
 ParOldGen       total 232448K, used 218268K [0x00000000c0000000, 0x00000000ce300000, 0x00000000eab00000)
  object space 232448K, 93% used [0x00000000c0000000,0x00000000cd527378,0x00000000ce300000)
 Metaspace       used 63287K, committed 64256K, reserved 1105920K
  class space    used 7676K, committed 8128K, reserved 1048576K
}
Event: 31.241 GC heap after
{Heap after GC invocations=192 (full 9):
 PSYoungGen      total 11776K, used 3048K [0x00000000eab00000, 0x00000000ebc80000, 0x0000000100000000)
  eden space 8704K, 0% used [0x00000000eab00000,0x00000000eab00000,0x00000000eb380000)
  from space 3072K, 99% used [0x00000000eb400000,0x00000000eb6fa2a8,0x00000000eb700000)
  to   space 4608K, 0% used [0x00000000eb800000,0x00000000eb800000,0x00000000ebc80000)
 ParOldGen       total 232448K, used 219220K [0x00000000c0000000, 0x00000000ce300000, 0x00000000eab00000)
  object space 232448K, 94% used [0x00000000c0000000,0x00000000cd615378,0x00000000ce300000)
 Metaspace       used 63287K, committed 64256K, reserved 1105920K
  class space    used 7676K, committed 8128K, reserved 1048576K
}
Event: 31.262 GC heap before
{Heap before GC invocations=193 (full 9):
 PSYoungGen      total 11776K, used 11752K [0x00000000eab00000, 0x00000000ebc80000, 0x0000000100000000)
  eden space 8704K, 100% used [0x00000000eab00000,0x00000000eb380000,0x00000000eb380000)
  from space 3072K, 99% used [0x00000000eb400000,0x00000000eb6fa2a8,0x00000000eb700000)
  to   space 4608K, 0% used [0x00000000eb800000,0x00000000eb800000,0x00000000ebc80000)
 ParOldGen       total 232448K, used 219220K [0x00000000c0000000, 0x00000000ce300000, 0x00000000eab00000)
  object space 232448K, 94% used [0x00000000c0000000,0x00000000cd615378,0x00000000ce300000)
 Metaspace       used 63287K, committed 64256K, reserved 1105920K
  class space    used 7676K, committed 8128K, reserved 1048576K
}
Event: 31.264 GC heap after
{Heap after GC invocations=193 (full 9):
 PSYoungGen      total 11264K, used 2146K [0x00000000eab00000, 0x00000000eba80000, 0x0000000100000000)
  eden space 8704K, 0% used [0x00000000eab00000,0x00000000eab00000,0x00000000eb380000)
  from space 2560K, 83% used [0x00000000eb800000,0x00000000eba188a0,0x00000000eba80000)
  to   space 3072K, 0% used [0x00000000eb480000,0x00000000eb480000,0x00000000eb780000)
 ParOldGen       total 232448K, used 222338K [0x00000000c0000000, 0x00000000ce300000, 0x00000000eab00000)
  object space 232448K, 95% used [0x00000000c0000000,0x00000000cd920840,0x00000000ce300000)
 Metaspace       used 63287K, committed 64256K, reserved 1105920K
  class space    used 7676K, committed 8128K, reserved 1048576K
}
Event: 31.283 GC heap before
{Heap before GC invocations=194 (full 9):
 PSYoungGen      total 11264K, used 10850K [0x00000000eab00000, 0x00000000eba80000, 0x0000000100000000)
  eden space 8704K, 100% used [0x00000000eab00000,0x00000000eb380000,0x00000000eb380000)
  from space 2560K, 83% used [0x00000000eb800000,0x00000000eba188a0,0x00000000eba80000)
  to   space 3072K, 0% used [0x00000000eb480000,0x00000000eb480000,0x00000000eb780000)
 ParOldGen       total 232448K, used 222338K [0x00000000c0000000, 0x00000000ce300000, 0x00000000eab00000)
  object space 232448K, 95% used [0x00000000c0000000,0x00000000cd920840,0x00000000ce300000)
 Metaspace       used 63288K, committed 64256K, reserved 1105920K
  class space    used 7676K, committed 8128K, reserved 1048576K
}
Event: 31.285 GC heap after
{Heap after GC invocations=194 (full 9):
 PSYoungGen      total 11776K, used 3064K [0x00000000eab00000, 0x00000000ebc80000, 0x0000000100000000)
  eden space 8704K, 0% used [0x00000000eab00000,0x00000000eab00000,0x00000000eb380000)
  from space 3072K, 99% used [0x00000000eb480000,0x00000000eb77e058,0x00000000eb780000)
  to   space 4608K, 0% used [0x00000000eb800000,0x00000000eb800000,0x00000000ebc80000)
 ParOldGen       total 232448K, used 223255K [0x00000000c0000000, 0x00000000ce300000, 0x00000000eab00000)
  object space 232448K, 96% used [0x00000000c0000000,0x00000000cda05ea8,0x00000000ce300000)
 Metaspace       used 63288K, committed 64256K, reserved 1105920K
  class space    used 7676K, committed 8128K, reserved 1048576K
}
Event: 31.303 GC heap before
{Heap before GC invocations=195 (full 9):
 PSYoungGen      total 11776K, used 11768K [0x00000000eab00000, 0x00000000ebc80000, 0x0000000100000000)
  eden space 8704K, 100% used [0x00000000eab00000,0x00000000eb380000,0x00000000eb380000)
  from space 3072K, 99% used [0x00000000eb480000,0x00000000eb77e058,0x00000000eb780000)
  to   space 4608K, 0% used [0x00000000eb800000,0x00000000eb800000,0x00000000ebc80000)
 ParOldGen       total 232448K, used 223255K [0x00000000c0000000, 0x00000000ce300000, 0x00000000eab00000)
  object space 232448K, 96% used [0x00000000c0000000,0x00000000cda05ea8,0x00000000ce300000)
 Metaspace       used 63288K, committed 64256K, reserved 1105920K
  class space    used 7676K, committed 8128K, reserved 1048576K
}
Event: 31.306 GC heap after
{Heap after GC invocations=195 (full 9):
 PSYoungGen      total 12288K, used 2066K [0x00000000eab00000, 0x00000000eba80000, 0x0000000100000000)
  eden space 9728K, 0% used [0x00000000eab00000,0x00000000eab00000,0x00000000eb480000)
  from space 2560K, 80% used [0x00000000eb800000,0x00000000eba048c8,0x00000000eba80000)
  to   space 3072K, 0% used [0x00000000eb480000,0x00000000eb480000,0x00000000eb780000)
 ParOldGen       total 232448K, used 226294K [0x00000000c0000000, 0x00000000ce300000, 0x00000000eab00000)
  object space 232448K, 97% used [0x00000000c0000000,0x00000000cdcfdb38,0x00000000ce300000)
 Metaspace       used 63288K, committed 64256K, reserved 1105920K
  class space    used 7676K, committed 8128K, reserved 1048576K
}
Event: 31.329 GC heap before
{Heap before GC invocations=196 (full 9):
 PSYoungGen      total 12288K, used 11794K [0x00000000eab00000, 0x00000000eba80000, 0x0000000100000000)
  eden space 9728K, 100% used [0x00000000eab00000,0x00000000eb480000,0x00000000eb480000)
  from space 2560K, 80% used [0x00000000eb800000,0x00000000eba048c8,0x00000000eba80000)
  to   space 3072K, 0% used [0x00000000eb480000,0x00000000eb480000,0x00000000eb780000)
 ParOldGen       total 232448K, used 226294K [0x00000000c0000000, 0x00000000ce300000, 0x00000000eab00000)
  object space 232448K, 97% used [0x00000000c0000000,0x00000000cdcfdb38,0x00000000ce300000)
 Metaspace       used 63288K, committed 64256K, reserved 1105920K
  class space    used 7676K, committed 8128K, reserved 1048576K
}
Event: 31.331 GC heap after
{Heap after GC invocations=196 (full 9):
 PSYoungGen      total 12800K, used 3044K [0x00000000eab00000, 0x00000000ebd80000, 0x0000000100000000)
  eden space 9728K, 0% used [0x00000000eab00000,0x00000000eab00000,0x00000000eb480000)
  from space 3072K, 99% used [0x00000000eb480000,0x00000000eb779268,0x00000000eb780000)
  to   space 4608K, 0% used [0x00000000eb900000,0x00000000eb900000,0x00000000ebd80000)
 ParOldGen       total 232448K, used 227382K [0x00000000c0000000, 0x00000000ce300000, 0x00000000eab00000)
  object space 232448K, 97% used [0x00000000c0000000,0x00000000cde0db38,0x00000000ce300000)
 Metaspace       used 63288K, committed 64256K, reserved 1105920K
  class space    used 7676K, committed 8128K, reserved 1048576K
}
Event: 31.352 GC heap before
{Heap before GC invocations=197 (full 9):
 PSYoungGen      total 12800K, used 12772K [0x00000000eab00000, 0x00000000ebd80000, 0x0000000100000000)
  eden space 9728K, 100% used [0x00000000eab00000,0x00000000eb480000,0x00000000eb480000)
  from space 3072K, 99% used [0x00000000eb480000,0x00000000eb779268,0x00000000eb780000)
  to   space 4608K, 0% used [0x00000000eb900000,0x00000000eb900000,0x00000000ebd80000)
 ParOldGen       total 232448K, used 227382K [0x00000000c0000000, 0x00000000ce300000, 0x00000000eab00000)
  object space 232448K, 97% used [0x00000000c0000000,0x00000000cde0db38,0x00000000ce300000)
 Metaspace       used 63288K, committed 64256K, reserved 1105920K
  class space    used 7676K, committed 8128K, reserved 1048576K
}
Event: 31.355 GC heap after
{Heap after GC invocations=197 (full 9):
 PSYoungGen      total 13312K, used 2341K [0x00000000eab00000, 0x00000000ebb80000, 0x0000000100000000)
  eden space 10752K, 0% used [0x00000000eab00000,0x00000000eab00000,0x00000000eb580000)
  from space 2560K, 91% used [0x00000000eb900000,0x00000000ebb49488,0x00000000ebb80000)
  to   space 3072K, 0% used [0x00000000eb580000,0x00000000eb580000,0x00000000eb880000)
 ParOldGen       total 232448K, used 230453K [0x00000000c0000000, 0x00000000ce300000, 0x00000000eab00000)
  object space 232448K, 99% used [0x00000000c0000000,0x00000000ce10d730,0x00000000ce300000)
 Metaspace       used 63288K, committed 64256K, reserved 1105920K
  class space    used 7676K, committed 8128K, reserved 1048576K
}
Event: 31.355 GC heap before
{Heap before GC invocations=198 (full 10):
 PSYoungGen      total 13312K, used 2341K [0x00000000eab00000, 0x00000000ebb80000, 0x0000000100000000)
  eden space 10752K, 0% used [0x00000000eab00000,0x00000000eab00000,0x00000000eb580000)
  from space 2560K, 91% used [0x00000000eb900000,0x00000000ebb49488,0x00000000ebb80000)
  to   space 3072K, 0% used [0x00000000eb580000,0x00000000eb580000,0x00000000eb880000)
 ParOldGen       total 232448K, used 230453K [0x00000000c0000000, 0x00000000ce300000, 0x00000000eab00000)
  object space 232448K, 99% used [0x00000000c0000000,0x00000000ce10d730,0x00000000ce300000)
 Metaspace       used 63288K, committed 64256K, reserved 1105920K
  class space    used 7676K, committed 8128K, reserved 1048576K
}
Event: 31.438 GC heap after
{Heap after GC invocations=198 (full 10):
 PSYoungGen      total 13824K, used 0K [0x00000000eab00000, 0x00000000ebd00000, 0x0000000100000000)
  eden space 10752K, 0% used [0x00000000eab00000,0x00000000eab00000,0x00000000eb580000)
  from space 3072K, 0% used [0x00000000eb580000,0x00000000eb580000,0x00000000eb880000)
  to   space 3072K, 0% used [0x00000000eba00000,0x00000000eba00000,0x00000000ebd00000)
 ParOldGen       total 275456K, used 230445K [0x00000000c0000000, 0x00000000d0d00000, 0x00000000eab00000)
  object space 275456K, 83% used [0x00000000c0000000,0x00000000ce10b450,0x00000000d0d00000)
 Metaspace       used 63288K, committed 64256K, reserved 1105920K
  class space    used 7676K, committed 8128K, reserved 1048576K
}

