# JRE version: Java(TM) SE Runtime Environment (17.0.2+8) (build 17.0.2+8-LTS-86)
# Java VM: Java HotSpot(TM) 64-Bit Server VM (17.0.2+8-LTS-86, mixed mode, sharing, tiered, compressed oops, compressed class ptrs, g1 gc, windows-amd64)
GC Precious Log:
 CPUs: 12 total, 12 available
 Memory: 15990M
 Large Page Support: Disabled
 NUMA Support: Disabled
 Compressed Oops: Enabled (32-bit)
 Heap Region Size: 1M
 Heap Min Capacity: 8M
 Heap Initial Capacity: 250M
 Heap Max Capacity: 2G
 Pre-touch: Disabled
 Parallel Workers: 10
 Concurrent Workers: 3
 Concurrent Refinement Workers: 10
 Periodic GC: Disabled
Heap:
 garbage-first heap   total 184320K, used 149026K [0x0000000080000000, 0x0000000100000000)
  region size 1024K, 50 young (51200K), 1 survivors (1024K)
 Metaspace       used 86670K, committed 87488K, reserved 503808K
  class space    used 12073K, committed 12480K, reserved 421888K
GC Heap History (20 events):
Event: 7.037 GC heap before
{Heap before GC invocations=16 (full 0):
 garbage-first heap   total 95232K, used 51078K [0x0000000080000000, 0x0000000100000000)
  region size 1024K, 4 young (4096K), 3 survivors (3072K)
 Metaspace       used 53862K, committed 54528K, reserved 471040K
  class space    used 7554K, committed 7872K, reserved 421888K
}
Event: 7.039 GC heap after
{Heap after GC invocations=17 (full 0):
 garbage-first heap   total 95232K, used 50058K [0x0000000080000000, 0x0000000100000000)
  region size 1024K, 1 young (1024K), 1 survivors (1024K)
 Metaspace       used 53862K, committed 54528K, reserved 471040K
  class space    used 7554K, committed 7872K, reserved 421888K
}
Event: 7.312 GC heap before
{Heap before GC invocations=17 (full 0):
 garbage-first heap   total 95232K, used 76682K [0x0000000080000000, 0x0000000100000000)
  region size 1024K, 27 young (27648K), 1 survivors (1024K)
 Metaspace       used 55481K, committed 56064K, reserved 471040K
  class space    used 7794K, committed 8064K, reserved 421888K
}
Event: 7.315 GC heap after
{Heap after GC invocations=18 (full 0):
 garbage-first heap   total 233472K, used 52628K [0x0000000080000000, 0x0000000100000000)
  region size 1024K, 3 young (3072K), 3 survivors (3072K)
 Metaspace       used 55481K, committed 56064K, reserved 471040K
  class space    used 7794K, committed 8064K, reserved 421888K
}
Event: 8.142 GC heap before
{Heap before GC invocations=19 (full 0):
 garbage-first heap   total 184320K, used 162196K [0x0000000080000000, 0x0000000100000000)
  region size 1024K, 103 young (105472K), 3 survivors (3072K)
 Metaspace       used 59958K, committed 60544K, reserved 479232K
  class space    used 8414K, committed 8704K, reserved 421888K
}
Event: 8.147 GC heap after
{Heap after GC invocations=20 (full 0):
 garbage-first heap   total 184320K, used 74631K [0x0000000080000000, 0x0000000100000000)
  region size 1024K, 15 young (15360K), 15 survivors (15360K)
 Metaspace       used 59958K, committed 60544K, reserved 479232K
  class space    used 8414K, committed 8704K, reserved 421888K
}
Event: 8.169 GC heap before
{Heap before GC invocations=20 (full 0):
 garbage-first heap   total 184320K, used 75655K [0x0000000080000000, 0x0000000100000000)
  region size 1024K, 16 young (16384K), 15 survivors (15360K)
 Metaspace       used 59983K, committed 60608K, reserved 479232K
  class space    used 8417K, committed 8704K, reserved 421888K
}
Event: 8.173 GC heap after
{Heap after GC invocations=21 (full 0):
 garbage-first heap   total 184320K, used 75649K [0x0000000080000000, 0x0000000100000000)
  region size 1024K, 2 young (2048K), 2 survivors (2048K)
 Metaspace       used 59983K, committed 60608K, reserved 479232K
  class space    used 8417K, committed 8704K, reserved 421888K
}
Event: 8.789 GC heap before
{Heap before GC invocations=21 (full 0):
 garbage-first heap   total 184320K, used 138113K [0x0000000080000000, 0x0000000100000000)
  region size 1024K, 64 young (65536K), 2 survivors (2048K)
 Metaspace       used 68863K, committed 69504K, reserved 487424K
  class space    used 9490K, committed 9792K, reserved 421888K
}
Event: 8.792 GC heap after
{Heap after GC invocations=22 (full 0):
 garbage-first heap   total 184320K, used 78889K [0x0000000080000000, 0x0000000100000000)
  region size 1024K, 5 young (5120K), 5 survivors (5120K)
 Metaspace       used 68863K, committed 69504K, reserved 487424K
  class space    used 9490K, committed 9792K, reserved 421888K
}
Event: 9.222 GC heap before
{Heap before GC invocations=22 (full 0):
 garbage-first heap   total 184320K, used 143401K [0x0000000080000000, 0x0000000100000000)
  region size 1024K, 67 young (68608K), 5 survivors (5120K)
 Metaspace       used 71826K, committed 72448K, reserved 487424K
  class space    used 9863K, committed 10176K, reserved 421888K
}
Event: 9.226 GC heap after
{Heap after GC invocations=23 (full 0):
 garbage-first heap   total 184320K, used 84315K [0x0000000080000000, 0x0000000100000000)
  region size 1024K, 9 young (9216K), 9 survivors (9216K)
 Metaspace       used 71826K, committed 72448K, reserved 487424K
  class space    used 9863K, committed 10176K, reserved 421888K
}
Event: 11.846 GC heap before
{Heap before GC invocations=23 (full 0):
 garbage-first heap   total 184320K, used 144731K [0x0000000080000000, 0x0000000100000000)
  region size 1024K, 68 young (69632K), 9 survivors (9216K)
 Metaspace       used 76765K, committed 77504K, reserved 495616K
  class space    used 10714K, committed 11072K, reserved 421888K
}
Event: 11.852 GC heap after
{Heap after GC invocations=24 (full 0):
 garbage-first heap   total 184320K, used 90461K [0x0000000080000000, 0x0000000100000000)
  region size 1024K, 6 young (6144K), 6 survivors (6144K)
 Metaspace       used 76765K, committed 77504K, reserved 495616K
  class space    used 10714K, committed 11072K, reserved 421888K
}
Event: 12.535 GC heap before
{Heap before GC invocations=24 (full 0):
 garbage-first heap   total 184320K, used 146781K [0x0000000080000000, 0x0000000100000000)
  region size 1024K, 61 young (62464K), 6 survivors (6144K)
 Metaspace       used 79414K, committed 80128K, reserved 495616K
  class space    used 11113K, committed 11456K, reserved 421888K
}
Event: 12.539 GC heap after
{Heap after GC invocations=25 (full 0):
 garbage-first heap   total 184320K, used 96475K [0x0000000080000000, 0x0000000100000000)
  region size 1024K, 6 young (6144K), 6 survivors (6144K)
 Metaspace       used 79414K, committed 80128K, reserved 495616K
  class space    used 11113K, committed 11456K, reserved 421888K
}
Event: 13.066 GC heap before
{Heap before GC invocations=26 (full 0):
 garbage-first heap   total 184320K, used 148699K [0x0000000080000000, 0x0000000100000000)
  region size 1024K, 57 young (58368K), 6 survivors (6144K)
 Metaspace       used 85367K, committed 86080K, reserved 503808K
  class space    used 11877K, committed 12224K, reserved 421888K
}
Event: 13.070 GC heap after
{Heap after GC invocations=27 (full 0):
 garbage-first heap   total 184320K, used 100648K [0x0000000080000000, 0x0000000100000000)
  region size 1024K, 4 young (4096K), 4 survivors (4096K)
 Metaspace       used 85367K, committed 86080K, reserved 503808K
  class space    used 11877K, committed 12224K, reserved 421888K
}
Event: 13.094 GC heap before
{Heap before GC invocations=27 (full 0):
 garbage-first heap   total 184320K, used 105768K [0x0000000080000000, 0x0000000100000000)
  region size 1024K, 9 young (9216K), 4 survivors (4096K)
 Metaspace       used 85499K, committed 86208K, reserved 503808K
  class space    used 11893K, committed 12224K, reserved 421888K
}
Event: 13.096 GC heap after
{Heap after GC invocations=28 (full 0):
 garbage-first heap   total 184320K, used 100898K [0x0000000080000000, 0x0000000100000000)
  region size 1024K, 1 young (1024K), 1 survivors (1024K)
 Metaspace       used 85499K, committed 86208K, reserved 503808K
  class space    used 11893K, committed 12224K, reserved 421888K
}

