# JRE version: Java(TM) SE Runtime Environment (17.0.2+8) (build 17.0.2+8-LTS-86)
# Java VM: Java HotSpot(TM) 64-Bit Server VM (17.0.2+8-LTS-86, mixed mode, sharing, tiered, compressed oops, compressed class ptrs, g1 gc, windows-amd64)
GC Precious Log:
 CPUs: 12 total, 12 available
 Memory: 15990M
 Large Page Support: Disabled
 NUMA Support: Disabled
 Compressed Oops: Enabled (Zero based)
 Heap Region Size: 2M
 Heap Min Capacity: 8M
 Heap Initial Capacity: 250M
 Heap Max Capacity: 3998M
 Pre-touch: Disabled
 Parallel Workers: 10
 Concurrent Workers: 3
 Concurrent Refinement Workers: 10
 Periodic GC: Disabled
Heap:
 garbage-first heap   total 290816K, used 132714K [0x0000000706200000, 0x0000000800000000)
  region size 2048K, 38 young (77824K), 3 survivors (6144K)
 Metaspace       used 54059K, committed 54400K, reserved 1097728K
  class space    used 6202K, committed 6400K, reserved 1048576K
GC Heap History (20 events):
Event: 1.775 GC heap before
{Heap before GC invocations=5 (full 0):
 garbage-first heap   total 77824K, used 47769K [0x0000000706200000, 0x0000000800000000)
  region size 2048K, 17 young (34816K), 10 survivors (20480K)
 Metaspace       used 22841K, committed 23168K, reserved 1073152K
  class space    used 2936K, committed 3072K, reserved 1048576K
}
Event: 1.792 GC heap after
{Heap after GC invocations=6 (full 0):
 garbage-first heap   total 77824K, used 30247K [0x0000000706200000, 0x0000000800000000)
  region size 2048K, 3 young (6144K), 3 survivors (6144K)
 Metaspace       used 22841K, committed 23168K, reserved 1073152K
  class space    used 2936K, committed 3072K, reserved 1048576K
}
Event: 2.083 GC heap before
{Heap before GC invocations=6 (full 0):
 garbage-first heap   total 77824K, used 56871K [0x0000000706200000, 0x0000000800000000)
  region size 2048K, 14 young (28672K), 3 survivors (6144K)
 Metaspace       used 27120K, committed 27392K, reserved 1073152K
  class space    used 3628K, committed 3776K, reserved 1048576K
}
Event: 2.089 GC heap after
{Heap after GC invocations=7 (full 0):
 garbage-first heap   total 77824K, used 37888K [0x0000000706200000, 0x0000000800000000)
  region size 2048K, 1 young (2048K), 1 survivors (2048K)
 Metaspace       used 27120K, committed 27392K, reserved 1073152K
  class space    used 3628K, committed 3776K, reserved 1048576K
}
Event: 2.125 GC heap before
{Heap before GC invocations=7 (full 0):
 garbage-first heap   total 77824K, used 39936K [0x0000000706200000, 0x0000000800000000)
  region size 2048K, 4 young (8192K), 1 survivors (2048K)
 Metaspace       used 27352K, committed 27648K, reserved 1073152K
  class space    used 3638K, committed 3776K, reserved 1048576K
}
Event: 2.128 GC heap after
{Heap after GC invocations=8 (full 0):
 garbage-first heap   total 77824K, used 33258K [0x0000000706200000, 0x0000000800000000)
  region size 2048K, 2 young (4096K), 2 survivors (4096K)
 Metaspace       used 27352K, committed 27648K, reserved 1073152K
  class space    used 3638K, committed 3776K, reserved 1048576K
}
Event: 2.335 GC heap before
{Heap before GC invocations=8 (full 0):
 garbage-first heap   total 77824K, used 59882K [0x0000000706200000, 0x0000000800000000)
  region size 2048K, 12 young (24576K), 2 survivors (4096K)
 Metaspace       used 30872K, committed 31168K, reserved 1081344K
  class space    used 3981K, committed 4160K, reserved 1048576K
}
Event: 2.339 GC heap after
{Heap after GC invocations=9 (full 0):
 garbage-first heap   total 133120K, used 35342K [0x0000000706200000, 0x0000000800000000)
  region size 2048K, 2 young (4096K), 2 survivors (4096K)
 Metaspace       used 30872K, committed 31168K, reserved 1081344K
  class space    used 3981K, committed 4160K, reserved 1048576K
}
Event: 2.643 GC heap before
{Heap before GC invocations=9 (full 0):
 garbage-first heap   total 133120K, used 55822K [0x0000000706200000, 0x0000000800000000)
  region size 2048K, 13 young (26624K), 2 survivors (4096K)
 Metaspace       used 35642K, committed 35968K, reserved 1081344K
  class space    used 4444K, committed 4608K, reserved 1048576K
}
Event: 2.648 GC heap after
{Heap after GC invocations=10 (full 0):
 garbage-first heap   total 133120K, used 37390K [0x0000000706200000, 0x0000000800000000)
  region size 2048K, 3 young (6144K), 3 survivors (6144K)
 Metaspace       used 35642K, committed 35968K, reserved 1081344K
  class space    used 4444K, committed 4608K, reserved 1048576K
}
Event: 3.327 GC heap before
{Heap before GC invocations=11 (full 0):
 garbage-first heap   total 133120K, used 98830K [0x0000000706200000, 0x0000000800000000)
  region size 2048K, 30 young (61440K), 3 survivors (6144K)
 Metaspace       used 44805K, committed 45120K, reserved 1089536K
  class space    used 5561K, committed 5696K, reserved 1048576K
}
Event: 3.334 GC heap after
{Heap after GC invocations=12 (full 0):
 garbage-first heap   total 133120K, used 47729K [0x0000000706200000, 0x0000000800000000)
  region size 2048K, 4 young (8192K), 4 survivors (8192K)
 Metaspace       used 44805K, committed 45120K, reserved 1089536K
  class space    used 5561K, committed 5696K, reserved 1048576K
}
Event: 3.339 GC heap before
{Heap before GC invocations=12 (full 0):
 garbage-first heap   total 133120K, used 49777K [0x0000000706200000, 0x0000000800000000)
  region size 2048K, 5 young (10240K), 4 survivors (8192K)
 Metaspace       used 44809K, committed 45120K, reserved 1089536K
  class space    used 5561K, committed 5696K, reserved 1048576K
}
Event: 3.346 GC heap after
{Heap after GC invocations=13 (full 0):
 garbage-first heap   total 133120K, used 48734K [0x0000000706200000, 0x0000000800000000)
  region size 2048K, 1 young (2048K), 1 survivors (2048K)
 Metaspace       used 44809K, committed 45120K, reserved 1089536K
  class space    used 5561K, committed 5696K, reserved 1048576K
}
Event: 3.919 GC heap before
{Heap before GC invocations=13 (full 0):
 garbage-first heap   total 133120K, used 95838K [0x0000000706200000, 0x0000000800000000)
  region size 2048K, 24 young (49152K), 1 survivors (2048K)
 Metaspace       used 46930K, committed 47232K, reserved 1097728K
  class space    used 5667K, committed 5824K, reserved 1048576K
}
Event: 3.926 GC heap after
{Heap after GC invocations=14 (full 0):
 garbage-first heap   total 133120K, used 53533K [0x0000000706200000, 0x0000000800000000)
  region size 2048K, 3 young (6144K), 3 survivors (6144K)
 Metaspace       used 46930K, committed 47232K, reserved 1097728K
  class space    used 5667K, committed 5824K, reserved 1048576K
}
Event: 4.578 GC heap before
{Heap before GC invocations=14 (full 0):
 garbage-first heap   total 133120K, used 98589K [0x0000000706200000, 0x0000000800000000)
  region size 2048K, 25 young (51200K), 3 survivors (6144K)
 Metaspace       used 50276K, committed 50624K, reserved 1097728K
  class space    used 5975K, committed 6144K, reserved 1048576K
}
Event: 4.585 GC heap after
{Heap after GC invocations=15 (full 0):
 garbage-first heap   total 133120K, used 57848K [0x0000000706200000, 0x0000000800000000)
  region size 2048K, 3 young (6144K), 3 survivors (6144K)
 Metaspace       used 50276K, committed 50624K, reserved 1097728K
  class space    used 5975K, committed 6144K, reserved 1048576K
}
Event: 5.028 GC heap before
{Heap before GC invocations=15 (full 0):
 garbage-first heap   total 133120K, used 98808K [0x0000000706200000, 0x0000000800000000)
  region size 2048K, 23 young (47104K), 3 survivors (6144K)
 Metaspace       used 51982K, committed 52352K, reserved 1097728K
  class space    used 6096K, committed 6272K, reserved 1048576K
}
Event: 5.037 GC heap after
{Heap after GC invocations=16 (full 0):
 garbage-first heap   total 290816K, used 63082K [0x0000000706200000, 0x0000000800000000)
  region size 2048K, 3 young (6144K), 3 survivors (6144K)
 Metaspace       used 51982K, committed 52352K, reserved 1097728K
  class space    used 6096K, committed 6272K, reserved 1048576K
}

