# JRE version: Java(TM) SE Runtime Environment (17.0.2+8) (build 17.0.2+8-LTS-86)
# Java VM: Java HotSpot(TM) 64-Bit Server VM (17.0.2+8-LTS-86, mixed mode, sharing, tiered, compressed oops, compressed class ptrs, g1 gc, windows-amd64)
GC Precious Log:
 CPUs: 12 total, 12 available
 Memory: 15990M
 Large Page Support: Disabled
 NUMA Support: Disabled
 Compressed Oops: Enabled (32-bit)
 Heap Region Size: 1M
 Heap Min Capacity: 8M
 Heap Initial Capacity: 250M
 Heap Max Capacity: 2G
 Pre-touch: Disabled
 Parallel Workers: 10
 Concurrent Workers: 3
 Concurrent Refinement Workers: 10
 Periodic GC: Disabled
Heap:
 garbage-first heap   total 286720K, used 214068K [0x0000000080000000, 0x0000000100000000)
  region size 1024K, 13 young (13312K), 7 survivors (7168K)
 Metaspace       used 105964K, committed 107008K, reserved 520192K
  class space    used 14274K, committed 14784K, reserved 421888K
GC Heap History (20 events):
Event: 418.863 GC heap before
{Heap before GC invocations=70 (full 0):
 garbage-first heap   total 286720K, used 229004K [0x0000000080000000, 0x0000000100000000)
  region size 1024K, 102 young (104448K), 2 survivors (2048K)
 Metaspace       used 104732K, committed 105728K, reserved 520192K
  class space    used 14213K, committed 14720K, reserved 421888K
}
Event: 418.864 GC heap after
{Heap after GC invocations=71 (full 0):
 garbage-first heap   total 286720K, used 129980K [0x0000000080000000, 0x0000000100000000)
  region size 1024K, 5 young (5120K), 5 survivors (5120K)
 Metaspace       used 104732K, committed 105728K, reserved 520192K
  class space    used 14213K, committed 14720K, reserved 421888K
}
Event: 419.142 GC heap before
{Heap before GC invocations=72 (full 0):
 garbage-first heap   total 286720K, used 249788K [0x0000000080000000, 0x0000000100000000)
  region size 1024K, 105 young (107520K), 5 survivors (5120K)
 Metaspace       used 104764K, committed 105856K, reserved 520192K
  class space    used 14183K, committed 14720K, reserved 421888K
}
Event: 419.144 GC heap after
{Heap after GC invocations=73 (full 0):
 garbage-first heap   total 286720K, used 133781K [0x0000000080000000, 0x0000000100000000)
  region size 1024K, 8 young (8192K), 8 survivors (8192K)
 Metaspace       used 104764K, committed 105856K, reserved 520192K
  class space    used 14183K, committed 14720K, reserved 421888K
}
Event: 419.148 GC heap before
{Heap before GC invocations=73 (full 0):
 garbage-first heap   total 286720K, used 138901K [0x0000000080000000, 0x0000000100000000)
  region size 1024K, 14 young (14336K), 8 survivors (8192K)
 Metaspace       used 104769K, committed 105856K, reserved 520192K
  class space    used 14183K, committed 14720K, reserved 421888K
}
Event: 419.150 GC heap after
{Heap after GC invocations=74 (full 0):
 garbage-first heap   total 286720K, used 131585K [0x0000000080000000, 0x0000000100000000)
  region size 1024K, 1 young (1024K), 1 survivors (1024K)
 Metaspace       used 104769K, committed 105856K, reserved 520192K
  class space    used 14183K, committed 14720K, reserved 421888K
}
Event: 419.249 GC heap before
{Heap before GC invocations=74 (full 0):
 garbage-first heap   total 286720K, used 233985K [0x0000000080000000, 0x0000000100000000)
  region size 1024K, 102 young (104448K), 1 survivors (1024K)
 Metaspace       used 104864K, committed 105856K, reserved 520192K
  class space    used 14185K, committed 14720K, reserved 421888K
}
Event: 419.251 GC heap after
{Heap after GC invocations=75 (full 0):
 garbage-first heap   total 286720K, used 134362K [0x0000000080000000, 0x0000000100000000)
  region size 1024K, 4 young (4096K), 4 survivors (4096K)
 Metaspace       used 104864K, committed 105856K, reserved 520192K
  class space    used 14185K, committed 14720K, reserved 421888K
}
Event: 419.337 GC heap before
{Heap before GC invocations=75 (full 0):
 garbage-first heap   total 286720K, used 235738K [0x0000000080000000, 0x0000000100000000)
  region size 1024K, 104 young (106496K), 4 survivors (4096K)
 Metaspace       used 104874K, committed 105920K, reserved 520192K
  class space    used 14185K, committed 14720K, reserved 421888K
}
Event: 419.339 GC heap after
{Heap after GC invocations=76 (full 0):
 garbage-first heap   total 286720K, used 134611K [0x0000000080000000, 0x0000000100000000)
  region size 1024K, 4 young (4096K), 4 survivors (4096K)
 Metaspace       used 104874K, committed 105920K, reserved 520192K
  class space    used 14185K, committed 14720K, reserved 421888K
}
Event: 419.457 GC heap before
{Heap before GC invocations=76 (full 0):
 garbage-first heap   total 286720K, used 239059K [0x0000000080000000, 0x0000000100000000)
  region size 1024K, 107 young (109568K), 4 survivors (4096K)
 Metaspace       used 104886K, committed 105920K, reserved 520192K
  class space    used 14185K, committed 14720K, reserved 421888K
}
Event: 419.458 GC heap after
{Heap after GC invocations=77 (full 0):
 garbage-first heap   total 286720K, used 135140K [0x0000000080000000, 0x0000000100000000)
  region size 1024K, 5 young (5120K), 5 survivors (5120K)
 Metaspace       used 104886K, committed 105920K, reserved 520192K
  class space    used 14185K, committed 14720K, reserved 421888K
}
Event: 419.612 GC heap before
{Heap before GC invocations=77 (full 0):
 garbage-first heap   total 286720K, used 243684K [0x0000000080000000, 0x0000000100000000)
  region size 1024K, 110 young (112640K), 5 survivors (5120K)
 Metaspace       used 104887K, committed 105920K, reserved 520192K
  class space    used 14185K, committed 14720K, reserved 421888K
}
Event: 419.613 GC heap after
{Heap after GC invocations=78 (full 0):
 garbage-first heap   total 286720K, used 136493K [0x0000000080000000, 0x0000000100000000)
  region size 1024K, 6 young (6144K), 6 survivors (6144K)
 Metaspace       used 104887K, committed 105920K, reserved 520192K
  class space    used 14185K, committed 14720K, reserved 421888K
}
Event: 419.828 GC heap before
{Heap before GC invocations=78 (full 0):
 garbage-first heap   total 286720K, used 206125K [0x0000000080000000, 0x0000000100000000)
  region size 1024K, 55 young (56320K), 6 survivors (6144K)
 Metaspace       used 105938K, committed 106944K, reserved 520192K
  class space    used 14273K, committed 14784K, reserved 421888K
}
Event: 419.831 GC heap after
{Heap after GC invocations=79 (full 0):
 garbage-first heap   total 286720K, used 142490K [0x0000000080000000, 0x0000000100000000)
  region size 1024K, 9 young (9216K), 9 survivors (9216K)
 Metaspace       used 105938K, committed 106944K, reserved 520192K
  class space    used 14273K, committed 14784K, reserved 421888K
}
Event: 419.852 GC heap before
{Heap before GC invocations=79 (full 0):
 garbage-first heap   total 286720K, used 165018K [0x0000000080000000, 0x0000000100000000)
  region size 1024K, 11 young (11264K), 9 survivors (9216K)
 Metaspace       used 105946K, committed 107008K, reserved 520192K
  class space    used 14274K, committed 14784K, reserved 421888K
}
Event: 419.854 GC heap after
{Heap after GC invocations=80 (full 0):
 garbage-first heap   total 286720K, used 149299K [0x0000000080000000, 0x0000000100000000)
  region size 1024K, 7 young (7168K), 7 survivors (7168K)
 Metaspace       used 105946K, committed 107008K, reserved 520192K
  class space    used 14274K, committed 14784K, reserved 421888K
}
Event: 419.857 GC heap before
{Heap before GC invocations=80 (full 0):
 garbage-first heap   total 286720K, used 152371K [0x0000000080000000, 0x0000000100000000)
  region size 1024K, 8 young (8192K), 7 survivors (7168K)
 Metaspace       used 105949K, committed 107008K, reserved 520192K
  class space    used 14274K, committed 14784K, reserved 421888K
}
Event: 419.860 GC heap after
{Heap after GC invocations=81 (full 0):
 garbage-first heap   total 286720K, used 150580K [0x0000000080000000, 0x0000000100000000)
  region size 1024K, 7 young (7168K), 7 survivors (7168K)
 Metaspace       used 105949K, committed 107008K, reserved 520192K
  class space    used 14274K, committed 14784K, reserved 421888K
}

